[2019-03-05 10:19:16] app.ALERT: Fatal Error (E_ERROR): Maximum execution time of 30 seconds exceeded {"code":1,"message":"Maximum execution time of 30 seconds exceeded","file":"D:\\workspace\\vboxShare\\edusoho\\vendor\\symfony\\symfony\\src\\Symfony\\Component\\Yaml\\Inline.php","line":494} []
[2019-03-05 10:22:43] app.ALERT: Fatal Error (E_ERROR): Maximum execution time of 30 seconds exceeded {"code":1,"message":"Maximum execution time of 30 seconds exceeded","file":"D:\\workspace\\vboxShare\\edusoho\\vendor\\symfony\\symfony\\src\\Symfony\\Component\\Yaml\\Parser.php","line":462} []
[2019-03-05 10:31:04] app.ALERT: Fatal Error (E_ERROR): Maximum execution time of 30 seconds exceeded {"code":1,"message":"Maximum execution time of 30 seconds exceeded","file":"D:\\workspace\\vboxShare\\edusoho\\vendor\\symfony\\symfony\\src\\Symfony\\Component\\Routing\\Matcher\\Dumper\\DumperPrefixCollection.php","line":94} []
[2019-03-05 10:45:50] app.WARNING: E_WARNING: "continue" targeting switch is equivalent to "break". Did you mean to use "continue 2"? {"code":2,"message":"\"continue\" targeting switch is equivalent to \"break\". Did you mean to use \"continue 2\"?","file":"D:\\workspace\\vboxShare\\edusoho\\vendor\\cerdic\\css-tidy\\class.csstidy.php","line":886} []
[2019-03-05 10:48:46] app.INFO: initUpload ä¸Šä¼ æ–‡ä»¶ï¼š #1 [] []
[2019-03-05 10:48:51] app.INFO: finishedUpload æ·»åŠ æ–‡ä»¶ï¼š#1 [] []
[2019-03-05 10:48:54] app.INFO: initUpload ä¸Šä¼ æ–‡ä»¶ï¼š #2 [] []
[2019-03-05 10:48:58] app.INFO: finishedUpload æ·»åŠ æ–‡ä»¶ï¼š#2 [] []
[2019-03-05 10:55:39] app.INFO: initUpload ä¸Šä¼ æ–‡ä»¶ï¼š #3 [] []
[2019-03-05 10:55:42] app.INFO: finishedUpload æ·»åŠ æ–‡ä»¶ï¼š#3 [] []
[2019-03-05 11:00:20] app.WARNING: E_WARNING: imagecolorallocate() expects parameter 1 to be resource, bool given {"code":2,"message":"imagecolorallocate() expects parameter 1 to be resource, bool given","file":"D:\\workspace\\vboxShare\\edusoho\\vendor\\endroid\\qrcode\\src\\QrCode.php","line":1436} []
[2019-03-05 11:00:20] app.WARNING: E_WARNING: imagecolorallocate() expects parameter 1 to be resource, bool given {"code":2,"message":"imagecolorallocate() expects parameter 1 to be resource, bool given","file":"D:\\workspace\\vboxShare\\edusoho\\vendor\\endroid\\qrcode\\src\\QrCode.php","line":1437} []
[2019-03-05 11:00:20] app.WARNING: E_WARNING: imagesetpixel() expects parameter 1 to be resource, bool given {"code":2,"message":"imagesetpixel() expects parameter 1 to be resource, bool given","file":"D:\\workspace\\vboxShare\\edusoho\\vendor\\endroid\\qrcode\\src\\QrCode.php","line":1447} []
[2019-03-05 11:00:20] app.WARNING: E_WARNING: imagesetpixel() expects parameter 1 to be resource, bool given {"code":2,"message":"imagesetpixel() expects parameter 1 to be resource, bool given","file":"D:\\workspace\\vboxShare\\edusoho\\vendor\\endroid\\qrcode\\src\\QrCode.php","line":1447} []
[2019-03-05 11:00:20] app.WARNING: E_WARNING: imagesetpixel() expects parameter 1 to be resource, bool given {"code":2,"message":"imagesetpixel() expects parameter 1 to be resource, bool given","file":"D:\\workspace\\vboxShare\\edusoho\\vendor\\endroid\\qrcode\\src\\QrCode.php","line":1447} []
[2019-03-05 11:00:20] app.WARNING: E_WARNING: imagesetpixel() expects parameter 1 to be resource, bool given {"code":2,"message":"imagesetpixel() expects parameter 1 to be resource, bool given","file":"D:\\workspace\\vboxShare\\edusoho\\vendor\\endroid\\qrcode\\src\\QrCode.php","line":1447} []
[2019-03-05 11:00:27] app.WARNING: E_WARNING: imagecolorallocate() expects parameter 1 to be resource, bool given {"code":2,"message":"imagecolorallocate() expects parameter 1 to be resource, bool given","file":"D:\\workspace\\vboxShare\\edusoho\\vendor\\endroid\\qrcode\\src\\QrCode.php","line":1436} []
[2019-03-05 11:00:27] app.WARNING: E_WARNING: imagecolorallocate() expects parameter 1 to be resource, bool given {"code":2,"message":"imagecolorallocate() expects parameter 1 to be resource, bool given","file":"D:\\workspace\\vboxShare\\edusoho\\vendor\\endroid\\qrcode\\src\\QrCode.php","line":1437} []
[2019-03-05 11:00:27] app.WARNING: E_WARNING: imagesetpixel() expects parameter 1 to be resource, bool given {"code":2,"message":"imagesetpixel() expects parameter 1 to be resource, bool given","file":"D:\\workspace\\vboxShare\\edusoho\\vendor\\endroid\\qrcode\\src\\QrCode.php","line":1447} []
[2019-03-05 11:00:27] app.WARNING: E_WARNING: imagesetpixel() expects parameter 1 to be resource, bool given {"code":2,"message":"imagesetpixel() expects parameter 1 to be resource, bool given","file":"D:\\workspace\\vboxShare\\edusoho\\vendor\\endroid\\qrcode\\src\\QrCode.php","line":1447} []
[2019-03-05 11:00:27] app.WARNING: E_WARNING: imagesetpixel() expects parameter 1 to be resource, bool given {"code":2,"message":"imagesetpixel() expects parameter 1 to be resource, bool given","file":"D:\\workspace\\vboxShare\\edusoho\\vendor\\endroid\\qrcode\\src\\QrCode.php","line":1447} []
[2019-03-05 11:00:27] app.WARNING: E_WARNING: imagesetpixel() expects parameter 1 to be resource, bool given {"code":2,"message":"imagesetpixel() expects parameter 1 to be resource, bool given","file":"D:\\workspace\\vboxShare\\edusoho\\vendor\\endroid\\qrcode\\src\\QrCode.php","line":1447} []
[2019-03-05 11:03:28] app.WARNING: E_WARNING: "continue" targeting switch is equivalent to "break". Did you mean to use "continue 2"? {"code":2,"message":"\"continue\" targeting switch is equivalent to \"break\". Did you mean to use \"continue 2\"?","file":"D:\\workspace\\vboxShare\\edusoho\\vendor\\cerdic\\css-tidy\\class.csstidy.php","line":886} []
[2019-03-05 11:05:24] app.WARNING: E_WARNING: "continue" targeting switch is equivalent to "break". Did you mean to use "continue 2"? {"code":2,"message":"\"continue\" targeting switch is equivalent to \"break\". Did you mean to use \"continue 2\"?","file":"D:\\workspace\\vboxShare\\edusoho\\vendor\\cerdic\\css-tidy\\class.csstidy.php","line":886} []
[2019-03-05 11:25:30] app.INFO: initUpload ä¸Šä¼ æ–‡ä»¶ï¼š #4 [] []
[2019-03-05 11:25:31] app.INFO: finishedUpload æ·»åŠ æ–‡ä»¶ï¼š#4 [] []
[2019-03-05 11:25:49] app.INFO: initUpload ä¸Šä¼ æ–‡ä»¶ï¼š #5 [] []
[2019-03-05 11:25:49] app.INFO: finishedUpload æ·»åŠ æ–‡ä»¶ï¼š#5 [] []
[2019-03-05 11:39:57] app.INFO: initUpload ä¸Šä¼ æ–‡ä»¶ï¼š #6 [] []
[2019-03-05 11:39:57] app.INFO: finishedUpload æ·»åŠ æ–‡ä»¶ï¼š#6 [] []
[2019-03-05 11:40:57] app.INFO: initUpload ä¸Šä¼ æ–‡ä»¶ï¼š #7 [] []
[2019-03-05 11:40:57] app.INFO: finishedUpload æ·»åŠ æ–‡ä»¶ï¼š#7 [] []
[2019-03-07 09:42:21] app.ERROR: Uncaught Exception InvalidArgumentException: "Malformed UTF-8 characters, possibly incorrectly encoded" at D:\workspace\vboxShare\edusoho\vendor\symfony\symfony\src\Symfony\Component\HttpFoundation\JsonResponse.php line 164 {"exception":"[object] (InvalidArgumentException(code: 0): Malformed UTF-8 characters, possibly incorrectly encoded at D:\\workspace\\vboxShare\\edusoho\\vendor\\symfony\\symfony\\src\\Symfony\\Component\\HttpFoundation\\JsonResponse.php:164)"} []
[2019-03-07 09:42:28] app.ERROR: Uncaught Exception Twig_Error_Runtime: "An exception has been thrown during the rendering of a template ("An exception occured in driver: SQLSTATE[HY000] [2002] ÓÉÓÚÄ¿±ê¼ÆËã»ú»ý¼«¾Ü¾ø£¬ÎÞ·¨Á¬½Ó¡£ ")." at D:\workspace\vboxShare\edusoho\app\Resources\views\layout.html.twig line 13  []
[2019-03-11 10:25:21] app.ERROR: Uncaught Exception Twig_Error_Runtime: "An exception has been thrown during the rendering of a template ("An exception occured in driver: SQLSTATE[HY000] [2002] ÓÉÓÚÄ¿±ê¼ÆËã»ú»ý¼«¾Ü¾ø£¬ÎÞ·¨Á¬½Ó¡£ ")." at D:\workspace\vboxShare\edusoho\app\Resources\views\layout.html.twig line 13  []
[2019-03-13 17:48:25] app.ERROR: Uncaught Exception Twig_Error_Runtime: "An exception has been thrown during the rendering of a template ("An exception occured in driver: SQLSTATE[HY000] [2002] ÓÉÓÚÄ¿±ê¼ÆËã»ú»ý¼«¾Ü¾ø£¬ÎÞ·¨Á¬½Ó¡£ ")." at D:\workspace\vboxShare\edusoho\app\Resources\views\layout.html.twig line 13  []
[2019-03-13 17:49:49] app.ERROR: Uncaught Exception Twig_Error_Runtime: "An exception has been thrown during the rendering of a template ("An exception occured in driver: SQLSTATE[HY000] [2002] ÓÉÓÚÄ¿±ê¼ÆËã»ú»ý¼«¾Ü¾ø£¬ÎÞ·¨Á¬½Ó¡£ ")." at D:\workspace\vboxShare\edusoho\app\Resources\views\layout.html.twig line 13  []
[2019-03-13 17:50:08] app.ERROR: Uncaught Exception Twig_Error_Runtime: "An exception has been thrown during the rendering of a template ("An exception occured in driver: SQLSTATE[HY000] [2002] ÓÉÓÚÄ¿±ê¼ÆËã»ú»ý¼«¾Ü¾ø£¬ÎÞ·¨Á¬½Ó¡£ ")." at D:\workspace\vboxShare\edusoho\app\Resources\views\layout.html.twig line 13  []
[2019-03-13 17:52:07] app.ERROR: Uncaught Exception Twig_Error_Runtime: "An exception has been thrown during the rendering of a template ("An exception occured in driver: SQLSTATE[HY000] [2002] ÓÉÓÚÄ¿±ê¼ÆËã»ú»ý¼«¾Ü¾ø£¬ÎÞ·¨Á¬½Ó¡£ ")." at D:\workspace\vboxShare\edusoho\app\Resources\views\layout.html.twig line 13  []
[2019-03-13 18:15:07] app.ERROR: Uncaught Exception Twig_Error_Runtime: "An exception has been thrown during the rendering of a template ("An exception occured in driver: SQLSTATE[HY000] [2002] ÓÉÓÚÄ¿±ê¼ÆËã»ú»ý¼«¾Ü¾ø£¬ÎÞ·¨Á¬½Ó¡£ ")." at D:\workspace\vboxShare\edusoho\app\Resources\views\layout.html.twig line 13  []
[2019-03-13 18:39:27] app.ERROR: Uncaught Exception RuntimeException: "Failed to start the session because headers have already been sent by "D:\workspace\vboxShare\edusoho\vendor\symfony\monolog-bundle\DependencyInjection\Configuration.php" at line 654." at D:\workspace\vboxShare\edusoho\app\cache\prod\Jianmo\classes.php line 115 {"exception":"[object] (RuntimeException(code: 0): Failed to start the session because headers have already been sent by \"D:\\workspace\\vboxShare\\edusoho\\vendor\\symfony\\monolog-bundle\\DependencyInjection\\Configuration.php\" at line 654. at D:\\workspace\\vboxShare\\edusoho\\app\\cache\\prod\\Jianmo\\classes.php:115)"} []
[2019-03-13 18:41:24] app.ERROR: Uncaught Exception RuntimeException: "Failed to start the session because headers have already been sent by "D:\workspace\vboxShare\edusoho\vendor\symfony\monolog-bundle\DependencyInjection\Configuration.php" at line 654." at D:\workspace\vboxShare\edusoho\vendor\symfony\symfony\src\Symfony\Component\HttpFoundation\Session\Storage\NativeSessionStorage.php line 140 {"exception":"[object] (RuntimeException(code: 0): Failed to start the session because headers have already been sent by \"D:\\workspace\\vboxShare\\edusoho\\vendor\\symfony\\monolog-bundle\\DependencyInjection\\Configuration.php\" at line 654. at D:\\workspace\\vboxShare\\edusoho\\vendor\\symfony\\symfony\\src\\Symfony\\Component\\HttpFoundation\\Session\\Storage\\NativeSessionStorage.php:140)"} []
